<?xml version="1.0" encoding="UTF-8"?>
<testsuite name="ConnectFourBackend.BoardTest" tests="5" skipped="0" failures="0" errors="0" timestamp="2021-04-25T16:51:06" hostname="pop-os" time="0.004">
  <properties/>
  <testcase name="boardIsZero" classname="ConnectFourBackend.BoardTest" time="0.002"/>
  <testcase name="illegalMove" classname="ConnectFourBackend.BoardTest" time="0.001"/>
  <testcase name="winHorizontal" classname="ConnectFourBackend.BoardTest" time="0.0"/>
  <testcase name="validMoves" classname="ConnectFourBackend.BoardTest" time="0.0"/>
  <testcase name="smallBoard" classname="ConnectFourBackend.BoardTest" time="0.001"/>
  <system-out><![CDATA[]]></system-out>
  <system-err><![CDATA[]]></system-err>
</testsuite>
