<?xml version="1.0" encoding="UTF-8"?>
<testsuite name="ConnectFour.AppTest" tests="1" skipped="0" failures="0" errors="0" timestamp="2021-04-15T01:24:14" hostname="pop-os" time="0.008">
  <properties/>
  <testcase name="testAppHasAGreeting" classname="ConnectFour.AppTest" time="0.008"/>
  <system-out><![CDATA[]]></system-out>
  <system-err><![CDATA[]]></system-err>
</testsuite>
