<?xml version="1.0" encoding="UTF-8"?>
<testsuite name="ConnectFour.AppTest" tests="1" skipped="0" failures="0" errors="0" timestamp="2021-04-14T13:17:56" hostname="DESKTOP-FOU80HD" time="0.002">
  <properties/>
  <testcase name="testAppHasAGreeting" classname="ConnectFour.AppTest" time="0.002"/>
  <system-out><![CDATA[]]></system-out>
  <system-err><![CDATA[]]></system-err>
</testsuite>
